\BOOKMARK [0][-]{chapter.1}{\376\377\000P\000o\000d\000s\000t\000a\000w\000y\000\040\000t\000e\000o\000r\000e\000t\000y\000c\000z\000n\000e}{}% 1
\BOOKMARK [1][-]{subsection.1.0.1}{\376\377\000T\000e\000o\000r\000i\000a\000\040\000g\000r\000a\000f\000\363\000w}{chapter.1}% 2
\BOOKMARK [2][-]{subsection.1.0.2}{\376\377\000I\000z\000o\000m\000o\000r\000f\000i\000z\000m}{subsection.1.0.1}% 3
\BOOKMARK [2][-]{subsection.1.0.3}{\376\377\000F\000o\000r\000m\000y\000\040\000k\000a\000n\000o\000n\000i\000c\000z\000n\000e\000\040\000g\000r\000a\000f\000\363\000w}{subsection.1.0.1}% 4
\BOOKMARK [2][-]{subsection.1.0.4}{\376\377\000K\000o\000l\000o\000r\000o\000w\000a\000n\000i\000e\000\040\000g\000r\000a\000f\000u}{subsection.1.0.1}% 5
\BOOKMARK [0][-]{chapter.2}{\376\377\000T\000w\000i\000e\000r\000d\000z\000e\000n\000i\000e\000\040\000R\000a\000m\000s\000e\000y\000a}{}% 6
\BOOKMARK [1][-]{subsection.2.0.1}{\376\377\000H\000i\000s\000t\000o\000r\000i\000a\000\040\000l\000i\000c\000z\000b\000y\000\040\000i\000\040\000T\000w\000i\000e\000r\000d\000z\000e\000n\000i\000a\000\040\000R\000a\000m\000s\000e\000y\000a}{chapter.2}% 7
\BOOKMARK [2][-]{subsection.2.0.2}{\376\377\000T\000w\000i\000e\000r\000d\000z\000e\000n\000i\000e\000\040\000V\000a\000n\000\040\000d\000e\000r\000\040\000W\000a\000e\000r\000d\000e\000n\000'\000s}{subsection.2.0.1}% 8
\BOOKMARK [2][-]{subsection.2.0.3}{\376\377\000P\000a\000u\000l\000\040\000E\000r\000d\000\366\000s\000\040\000i\000\040\000T\000e\000o\000r\000i\000a\000\040\000R\000a\000m\000s\000e\000y\000a}{subsection.2.0.1}% 9
\BOOKMARK [2][-]{subsection.2.0.4}{\376\377\000W\000a\000r\000t\000o\001\133\000c\000i\000\040\000l\000i\000c\000z\000b\000\040\000R\000a\000m\000s\000e\000y\000a}{subsection.2.0.1}% 10
\BOOKMARK [1][-]{section.2.1}{\376\377\000A\000r\000t\000y\000k\000u\001\102\000\040\000R\000\050\0004\000,\0005\000\051\000=\0002\0005}{chapter.2}% 11
\BOOKMARK [0][-]{chapter.3}{\376\377\000G\000e\000n\000e\000r\000o\000w\000a\000n\000i\000e\000\040\000g\000r\000a\000f\000\363\000w}{}% 12
\BOOKMARK [1][-]{subsection.3.0.1}{\376\377\000G\000e\000n\000e\000r\000o\000w\000a\000n\000i\000e\000\040\000g\000r\000a\000f\000\363\000w\000\040\000n\000i\000e\000i\000z\000o\000m\000o\000r\000f\000i\000c\000z\000n\000y\000c\000h}{chapter.3}% 13
\BOOKMARK [2][-]{subsection.3.0.2}{\376\377\000G\000e\000n\000e\000r\000o\000w\000a\000n\000i\000e\000\040\000g\000r\000a\000f\000\363\000w\000\040\000R\000a\000m\000s\000e\000y\000a}{subsection.3.0.1}% 14
\BOOKMARK [0][-]{chapter.4}{\376\377\000S\000k\000l\000e\000j\000a\000n\000i\000e\000\040\000g\000r\000a\000f\000\363\000w}{}% 15
\BOOKMARK [1][-]{subsection.4.0.1}{\376\377\000D\000e\000k\000o\000m\000p\000o\000z\000y\000c\000j\000a\000\040\000p\000r\000o\000b\000l\000e\000m\000u}{chapter.4}% 16
\BOOKMARK [2][-]{subsection.4.0.2}{\376\377\000G\000r\000a\000f\000y\000\040\000p\000o\000t\000r\000z\000e\000b\000n\000e\000\040\000d\000o\000\040\000s\000k\000l\000e\000j\000a\000n\000i\000a}{subsection.4.0.1}% 17
\BOOKMARK [2][-]{subsection.4.0.3}{\376\377\000I\000d\000e\000a\000\040\000s\000k\000l\000e\000j\000a\000n\000i\000a}{subsection.4.0.1}% 18
\BOOKMARK [2][-]{subsection.4.0.4}{\376\377\000A\000l\000g\000o\000r\000y\000t\000m\000\040\000s\000k\000l\000e\000j\000a\000n\000i\000a}{subsection.4.0.1}% 19
\BOOKMARK [2][-]{subsection.4.0.5}{\376\377\000Z\000a\000w\001\031\001\174\000a\000n\000i\000e\000\040\000p\000r\000z\000e\000d\000z\000i\000a\001\102\000\363\000w\000\040\000-\000\040\000z\000a\000s\000a\000d\000y\000\040\000A\000-\000D}{subsection.4.0.1}% 20
\BOOKMARK [2][-]{subsection.4.0.6}{\376\377\000W\000y\000n\000i\000k\000\040\000s\000k\000l\000e\000j\000a\000n\000i\000a}{subsection.4.0.1}% 21
\BOOKMARK [0][-]{chapter.5}{\376\377\000I\000m\000p\000l\000e\000m\000e\000n\000t\000a\000c\000j\000a\000\040\000i\000\040\000e\000k\000s\000p\000e\000r\000y\000m\000e\000n\000t\000y}{}% 22
